2017-03-13 17:47:35 Error: [MissingControllerException] Controller class Labo4Controller could not be found.
Exception Attributes: array (
  'class' => 'Labo4Controller',
  'plugin' => NULL,
)
Request URL: /labo4/cakepack/myapp/labo4/cakepack/
Stack Trace:
#0 /Users/uedatakeshi/Sites/labo4/cakepack/myapp/webroot/index.php(111): Dispatcher->dispatch(Object(CakeRequest), Object(CakeResponse))
#1 {main}
2017-03-13 17:47:36 Error: [MissingControllerException] Controller class Labo4Controller could not be found.
Exception Attributes: array (
  'class' => 'Labo4Controller',
  'plugin' => NULL,
)
Request URL: /labo4/cakepack/myapp/labo4/cakepack/
Stack Trace:
#0 /Users/uedatakeshi/Sites/labo4/cakepack/myapp/webroot/index.php(111): Dispatcher->dispatch(Object(CakeRequest), Object(CakeResponse))
#1 {main}
2017-03-13 17:48:52 Error: [MissingControllerException] Controller class Labo4Controller could not be found.
Exception Attributes: array (
  'class' => 'Labo4Controller',
  'plugin' => NULL,
)
Request URL: /labo4/cakepack/myapp/labo4/cakepack/
Stack Trace:
#0 /Users/uedatakeshi/Sites/labo4/cakepack/myapp/webroot/index.php(111): Dispatcher->dispatch(Object(CakeRequest), Object(CakeResponse))
#1 {main}
2017-03-13 17:52:05 Error: [MissingControllerException] Controller class UsersController could not be found.
Exception Attributes: array (
  'class' => 'UsersController',
  'plugin' => NULL,
)
Request URL: /labo4/cakepack/myapp/users/add
Stack Trace:
#0 /Users/uedatakeshi/Sites/labo4/cakepack/myapp/webroot/index.php(111): Dispatcher->dispatch(Object(CakeRequest), Object(CakeResponse))
#1 {main}
